<?xml version="1.0" encoding="UTF-8"?>
<!-- Generated by org.testng.reporters.JUnitXMLReporter -->
<testsuite ignored="0" hostname="Shivang_Tiwari" failures="0" tests="4" name="Test" time="29.675" errors="0" timestamp="2026-01-16T23:40:37 IST">
  <testcase classname="seleniumwebdriver.seleniumwebdriver.OrangeHRMTest" name="openapp" time="24.223"/>
  <testcase classname="seleniumwebdriver.seleniumwebdriver.OrangeHRMTest" name="testlogo" time="3.097"/>
  <testcase classname="seleniumwebdriver.seleniumwebdriver.OrangeHRMTest" name="testlogin" time="1.975"/>
  <testcase classname="seleniumwebdriver.seleniumwebdriver.OrangeHRMTest" name="closeapp" time="0.308"/>
</testsuite> <!-- Test -->
