<?xml version="1.0" encoding="UTF-8"?>
<!-- Generated by org.testng.reporters.JUnitXMLReporter -->
<testsuite ignored="0" hostname="Shivang_Tiwari" failures="0" tests="4" name="Default test" time="11.89" errors="0" timestamp="2026-01-16T23:32:06 IST">
  <testcase classname="seleniumwebdriver.seleniumwebdriver.OrangeHRMTest" name="openapp" time="8.094"/>
  <testcase classname="seleniumwebdriver.seleniumwebdriver.OrangeHRMTest" name="testlogo" time="3.086"/>
  <testcase classname="seleniumwebdriver.seleniumwebdriver.OrangeHRMTest" name="testlogin" time="0.388"/>
  <testcase classname="seleniumwebdriver.seleniumwebdriver.OrangeHRMTest" name="closeapp" time="0.254"/>
</testsuite> <!-- Default test -->
