<?xml version="1.0" encoding="UTF-8"?>
<!-- Generated by org.testng.reporters.JUnitReportReporter -->
<testsuite hostname="Shivang_Tiwari" failures="0" tests="3" name="seleniumwebdriver.seleniumwebdriver.FirstTestCase" time="0.013" errors="0" timestamp="2026-01-15T21:47:46 IST" skipped="0">
  <testcase classname="seleniumwebdriver.seleniumwebdriver.FirstTestCase" name="openapp" time="0.010"/>
  <testcase classname="seleniumwebdriver.seleniumwebdriver.FirstTestCase" name="login" time="0.001"/>
  <testcase classname="seleniumwebdriver.seleniumwebdriver.FirstTestCase" name="logout" time="0.002"/>
</testsuite> <!-- seleniumwebdriver.seleniumwebdriver.FirstTestCase -->
