<?xml version="1.0" encoding="UTF-8"?>
<testng-results ignored="0" total="4" passed="4" failed="0" skipped="0">
  <reporter-output>
  </reporter-output>
  <suite started-at="2026-01-16T23:40:07 IST" name="Suite" finished-at="2026-01-16T23:40:36 IST" duration-ms="29675">
    <groups>
    </groups>
    <test started-at="2026-01-16T23:40:07 IST" name="Test" finished-at="2026-01-16T23:40:36 IST" duration-ms="29675">
      <class name="seleniumwebdriver.seleniumwebdriver.OrangeHRMTest">
        <test-method signature="openapp()[pri:1, instance:seleniumwebdriver.seleniumwebdriver.OrangeHRMTest@14cd1699]" started-at="2026-01-16T23:40:07 IST" name="openapp" finished-at="2026-01-16T23:40:31 IST" duration-ms="24223" status="PASS">
          <reporter-output>
          </reporter-output>
        </test-method> <!-- openapp -->
        <test-method signature="testlogo()[pri:2, instance:seleniumwebdriver.seleniumwebdriver.OrangeHRMTest@14cd1699]" started-at="2026-01-16T23:40:31 IST" name="testlogo" finished-at="2026-01-16T23:40:34 IST" duration-ms="3097" status="PASS">
          <reporter-output>
          </reporter-output>
        </test-method> <!-- testlogo -->
        <test-method signature="testlogin()[pri:3, instance:seleniumwebdriver.seleniumwebdriver.OrangeHRMTest@14cd1699]" started-at="2026-01-16T23:40:34 IST" name="testlogin" finished-at="2026-01-16T23:40:36 IST" duration-ms="1975" status="PASS">
          <reporter-output>
          </reporter-output>
        </test-method> <!-- testlogin -->
        <test-method signature="closeapp()[pri:4, instance:seleniumwebdriver.seleniumwebdriver.OrangeHRMTest@14cd1699]" started-at="2026-01-16T23:40:36 IST" name="closeapp" finished-at="2026-01-16T23:40:36 IST" duration-ms="308" status="PASS">
          <reporter-output>
          </reporter-output>
        </test-method> <!-- closeapp -->
      </class> <!-- seleniumwebdriver.seleniumwebdriver.OrangeHRMTest -->
    </test> <!-- Test -->
  </suite> <!-- Suite -->
</testng-results>
